Построение начато 27.12.2013 19:55:53.
     1>Проект "C:\das\Си\rand\rand\rand.vcxproj" в узле 2 (целевые объекты build).
     1>InitializeBuildStatus:
         Создание "Debug\rand.unsuccessfulbuild", так как было задано "AlwaysCreate".
       ClCompile:
         Для всех выходных данных обновления не требуется.
         C:\Program Files\Microsoft Visual Studio 10.0\VC\bin\CL.exe /c /ZI /nologo /W3 /WX- /Od /Oy- /D WIN32 /D _DEBUG /D _CONSOLE /D _UNICODE /D UNICODE /Gm /EHsc /RTC1 /MDd /GS /fp:precise /Zc:wchar_t /Zc:forScope /Yu"StdAfx.h" /Fp"Debug\rand.pch" /Fo"Debug\\" /Fd"Debug\vc100.pdb" /Gd /TP /analyze- /errorReport:prompt randomtes.cpp
         randomtes.cpp
     1>c:\das\си\rand\rand\randomtes.cpp(57): warning C4244: аргумент: преобразование "time_t" в "unsigned int", возможна потеря данных
     1>c:\das\си\rand\rand\randomtes.cpp(60): warning C4996: 'fopen': This function or variable may be unsafe. Consider using fopen_s instead. To disable deprecation, use _CRT_SECURE_NO_WARNINGS. See online help for details.
                 c:\program files\microsoft visual studio 10.0\vc\include\stdio.h(234): см. объявление "fopen"
     1>c:\das\си\rand\rand\randomtes.cpp(122): warning C4018: <=: несоответствие типов со знаком и без знака
     1>c:\das\си\rand\rand\randomtes.cpp(137): warning C4996: 'fopen': This function or variable may be unsafe. Consider using fopen_s instead. To disable deprecation, use _CRT_SECURE_NO_WARNINGS. See online help for details.
                 c:\program files\microsoft visual studio 10.0\vc\include\stdio.h(234): см. объявление "fopen"
       ManifestResourceCompile:
         Для всех выходных данных обновления не требуется.
       Link:
         C:\Program Files\Microsoft Visual Studio 10.0\VC\bin\link.exe /ERRORREPORT:PROMPT /OUT:"C:\das\Си\rand\Debug\rand.exe" /INCREMENTAL /NOLOGO kernel32.lib user32.lib gdi32.lib winspool.lib comdlg32.lib advapi32.lib shell32.lib ole32.lib oleaut32.lib uuid.lib odbc32.lib odbccp32.lib /MANIFEST /ManifestFile:"Debug\rand.exe.intermediate.manifest" /MANIFESTUAC:"level='asInvoker' uiAccess='false'" /DEBUG /PDB:"C:\das\Си\rand\Debug\rand.pdb" /SUBSYSTEM:CONSOLE /TLBID:1 /DYNAMICBASE /NXCOMPAT /IMPLIB:"C:\das\Си\rand\Debug\rand.lib" /MACHINE:X86 Debug\rand.exe.embed.manifest.res
         Debug\rand.obj
         Debug\randomtes.obj
         Debug\stdafx.obj
     1>LINK : warning LNK4067: неоднозначная точка входа; выбрана "mainCRTStartup"
       Manifest:
         C:\Program Files\Microsoft SDKs\Windows\v7.0A\bin\mt.exe /nologo /verbose /out:"Debug\rand.exe.embed.manifest" /manifest Debug\rand.exe.intermediate.manifest
         Для всех выходных данных обновления не требуется.
       LinkEmbedManifest:
         Для всех выходных данных обновления не требуется.
         rand.vcxproj -> C:\das\Си\rand\Debug\rand.exe
       FinalizeBuildStatus:
         Файл "Debug\rand.unsuccessfulbuild" удаляется.
         Обращение к "Debug\rand.lastbuildstate".
     1>Построение проекта "C:\das\Си\rand\rand\rand.vcxproj" завершено (целевые объекты build).

Построение успешно завершено.

Затраченное время: 00:00:00.52
