C:\DAS\Си\RAND\DEBUG\RAND.EXE
C:\DAS\Си\RAND\DEBUG\RAND.ILK
C:\DAS\СИ\RAND\DEBUG\RAND.PDB
C:\das\Си\rand\rand\Debug\cl.command.1.tlog
C:\das\Си\rand\rand\Debug\CL.read.1.tlog
C:\das\Си\rand\rand\Debug\CL.write.1.tlog
C:\das\Си\rand\rand\Debug\link.1900.read.1.tlog
C:\das\Си\rand\rand\Debug\link.1900.write.1.tlog
C:\das\Си\rand\rand\Debug\link.1900-cvtres.read.1.tlog
C:\das\Си\rand\rand\Debug\link.1900-cvtres.write.1.tlog
C:\das\Си\rand\rand\Debug\link.2452.read.1.tlog
C:\das\Си\rand\rand\Debug\link.2452.write.1.tlog
C:\das\Си\rand\rand\Debug\link.2452-cvtres.read.1.tlog
C:\das\Си\rand\rand\Debug\link.2452-cvtres.write.1.tlog
C:\das\Си\rand\rand\Debug\link.2728.read.1.tlog
C:\das\Си\rand\rand\Debug\link.2728.write.1.tlog
C:\das\Си\rand\rand\Debug\link.2728-cvtres.read.1.tlog
C:\das\Си\rand\rand\Debug\link.2728-cvtres.write.1.tlog
C:\das\Си\rand\rand\Debug\link.3524.read.1.tlog
C:\das\Си\rand\rand\Debug\link.3524.write.1.tlog
C:\das\Си\rand\rand\Debug\link.3524-cvtres.read.1.tlog
C:\das\Си\rand\rand\Debug\link.3524-cvtres.write.1.tlog
C:\das\Си\rand\rand\Debug\link.3792.read.1.tlog
C:\das\Си\rand\rand\Debug\link.3792.write.1.tlog
C:\das\Си\rand\rand\Debug\link.3792-cvtres.read.1.tlog
C:\das\Си\rand\rand\Debug\link.3792-cvtres.write.1.tlog
C:\das\Си\rand\rand\Debug\link.4180.read.1.tlog
C:\das\Си\rand\rand\Debug\link.4180.write.1.tlog
C:\das\Си\rand\rand\Debug\link.4180-cvtres.read.1.tlog
C:\das\Си\rand\rand\Debug\link.4180-cvtres.write.1.tlog
C:\das\Си\rand\rand\Debug\link.4228.read.1.tlog
C:\das\Си\rand\rand\Debug\link.4228.write.1.tlog
C:\das\Си\rand\rand\Debug\link.4228-cvtres.read.1.tlog
C:\das\Си\rand\rand\Debug\link.4228-cvtres.write.1.tlog
C:\das\Си\rand\rand\Debug\link.command.1.tlog
C:\das\Си\rand\rand\Debug\link.read.1.tlog
C:\das\Си\rand\rand\Debug\link.write.1.tlog
C:\das\Си\rand\rand\Debug\link-cvtres.read.1.tlog
C:\das\Си\rand\rand\Debug\link-cvtres.write.1.tlog
C:\das\Си\rand\rand\Debug\mt.command.1.tlog
C:\das\Си\rand\rand\Debug\mt.read.1.tlog
C:\das\Си\rand\rand\Debug\mt.write.1.tlog
C:\DAS\Си\RAND\RAND\DEBUG\RAND.EXE.EMBED.MANIFEST
C:\DAS\Си\RAND\RAND\DEBUG\RAND.EXE.EMBED.MANIFEST.RES
C:\DAS\Си\RAND\RAND\DEBUG\RAND.EXE.INTERMEDIATE.MANIFEST
C:\DAS\Си\RAND\RAND\DEBUG\RAND.OBJ
C:\DAS\Си\RAND\RAND\DEBUG\RAND.PCH
C:\das\Си\rand\rand\Debug\rand_manifest.rc
C:\DAS\Си\RAND\RAND\DEBUG\RANDOMTES.OBJ
C:\das\Си\rand\rand\Debug\rc.command.1.tlog
C:\das\Си\rand\rand\Debug\rc.read.1.tlog
C:\das\Си\rand\rand\Debug\rc.write.1.tlog
C:\DAS\Си\RAND\RAND\DEBUG\STDAFX.OBJ
C:\das\Си\rand\rand\Debug\vc100.idb
C:\DAS\СИ\RAND\RAND\DEBUG\VC100.PDB
